# JRE version: OpenJDK Runtime Environment Temurin-17.0.6+10 (17.0.6+10) (build 17.0.6+10)
# Java VM: OpenJDK 64-Bit Server VM Temurin-17.0.6+10 (17.0.6+10, mixed mode, tiered, compressed oops, compressed class ptrs, parallel gc, windows-amd64)
GC Precious Log:
 CPUs: 8 total, 8 available
 Memory: 7953M
 Large Page Support: Disabled
 NUMA Support: Disabled
 Compressed Oops: Enabled (32-bit)
 Alignments: Space 512K, Generation 512K, Heap 2M
 Heap Min Capacity: 100M
 Heap Initial Capacity: 100M
 Heap Max Capacity: 1G
 Pre-touch: Disabled
 Parallel Workers: 8
Heap:
 PSYoungGen      total 5632K, used 2280K [0x00000000eab00000, 0x00000000eb400000, 0x0000000100000000)
  eden space 3072K, 0% used [0x00000000eab00000,0x00000000eab00000,0x00000000eae00000)
  from space 2560K, 89% used [0x00000000eb180000,0x00000000eb3ba000,0x00000000eb400000)
  to   space 3072K, 0% used [0x00000000eae00000,0x00000000eae00000,0x00000000eb100000)
 ParOldGen       total 144384K, used 142761K [0x00000000c0000000, 0x00000000c8d00000, 0x00000000eab00000)
  object space 144384K, 98% used [0x00000000c0000000,0x00000000c8b6a708,0x00000000c8d00000)
 Metaspace       used 94789K, committed 96000K, reserved 1138688K
  class space    used 9315K, committed 9856K, reserved 1048576K
GC Heap History (20 events):
Event: 6004.767 GC heap after
{Heap after GC invocations=9100 (full 240):
 PSYoungGen      total 4096K, used 1008K [0x00000000eab00000, 0x00000000eb000000, 0x0000000100000000)
  eden space 3072K, 0% used [0x00000000eab00000,0x00000000eab00000,0x00000000eae00000)
  from space 1024K, 98% used [0x00000000eae00000,0x00000000eaefc010,0x00000000eaf00000)
  to   space 1024K, 0% used [0x00000000eaf00000,0x00000000eaf00000,0x00000000eb000000)
 ParOldGen       total 144384K, used 130742K [0x00000000c0000000, 0x00000000c8d00000, 0x00000000eab00000)
  object space 144384K, 90% used [0x00000000c0000000,0x00000000c7fadb68,0x00000000c8d00000)
 Metaspace       used 94787K, committed 96000K, reserved 1138688K
  class space    used 9315K, committed 9856K, reserved 1048576K
}
Event: 6004.775 GC heap before
{Heap before GC invocations=9101 (full 240):
 PSYoungGen      total 4096K, used 4080K [0x00000000eab00000, 0x00000000eb000000, 0x0000000100000000)
  eden space 3072K, 100% used [0x00000000eab00000,0x00000000eae00000,0x00000000eae00000)
  from space 1024K, 98% used [0x00000000eae00000,0x00000000eaefc010,0x00000000eaf00000)
  to   space 1024K, 0% used [0x00000000eaf00000,0x00000000eaf00000,0x00000000eb000000)
 ParOldGen       total 144384K, used 130742K [0x00000000c0000000, 0x00000000c8d00000, 0x00000000eab00000)
  object space 144384K, 90% used [0x00000000c0000000,0x00000000c7fadb68,0x00000000c8d00000)
 Metaspace       used 94787K, committed 96000K, reserved 1138688K
  class space    used 9315K, committed 9856K, reserved 1048576K
}
Event: 6004.776 GC heap after
{Heap after GC invocations=9101 (full 240):
 PSYoungGen      total 4096K, used 896K [0x00000000eab00000, 0x00000000eb000000, 0x0000000100000000)
  eden space 3072K, 0% used [0x00000000eab00000,0x00000000eab00000,0x00000000eae00000)
  from space 1024K, 87% used [0x00000000eaf00000,0x00000000eafe0000,0x00000000eb000000)
  to   space 1024K, 0% used [0x00000000eae00000,0x00000000eae00000,0x00000000eaf00000)
 ParOldGen       total 144384K, used 131595K [0x00000000c0000000, 0x00000000c8d00000, 0x00000000eab00000)
  object space 144384K, 91% used [0x00000000c0000000,0x00000000c8082d20,0x00000000c8d00000)
 Metaspace       used 94787K, committed 96000K, reserved 1138688K
  class space    used 9315K, committed 9856K, reserved 1048576K
}
Event: 6005.415 GC heap before
{Heap before GC invocations=9102 (full 240):
 PSYoungGen      total 4096K, used 3968K [0x00000000eab00000, 0x00000000eb000000, 0x0000000100000000)
  eden space 3072K, 100% used [0x00000000eab00000,0x00000000eae00000,0x00000000eae00000)
  from space 1024K, 87% used [0x00000000eaf00000,0x00000000eafe0000,0x00000000eb000000)
  to   space 1024K, 0% used [0x00000000eae00000,0x00000000eae00000,0x00000000eaf00000)
 ParOldGen       total 144384K, used 131595K [0x00000000c0000000, 0x00000000c8d00000, 0x00000000eab00000)
  object space 144384K, 91% used [0x00000000c0000000,0x00000000c8082d20,0x00000000c8d00000)
 Metaspace       used 94787K, committed 96000K, reserved 1138688K
  class space    used 9315K, committed 9856K, reserved 1048576K
}
Event: 6005.418 GC heap after
{Heap after GC invocations=9102 (full 240):
 PSYoungGen      total 4096K, used 544K [0x00000000eab00000, 0x00000000eb000000, 0x0000000100000000)
  eden space 3072K, 0% used [0x00000000eab00000,0x00000000eab00000,0x00000000eae00000)
  from space 1024K, 53% used [0x00000000eae00000,0x00000000eae88000,0x00000000eaf00000)
  to   space 1024K, 0% used [0x00000000eaf00000,0x00000000eaf00000,0x00000000eb000000)
 ParOldGen       total 144384K, used 132379K [0x00000000c0000000, 0x00000000c8d00000, 0x00000000eab00000)
  object space 144384K, 91% used [0x00000000c0000000,0x00000000c8146ee8,0x00000000c8d00000)
 Metaspace       used 94787K, committed 96000K, reserved 1138688K
  class space    used 9315K, committed 9856K, reserved 1048576K
}
Event: 6064.096 GC heap before
{Heap before GC invocations=9103 (full 240):
 PSYoungGen      total 4096K, used 3590K [0x00000000eab00000, 0x00000000eb000000, 0x0000000100000000)
  eden space 3072K, 99% used [0x00000000eab00000,0x00000000eadf9ae0,0x00000000eae00000)
  from space 1024K, 53% used [0x00000000eae00000,0x00000000eae88000,0x00000000eaf00000)
  to   space 1024K, 0% used [0x00000000eaf00000,0x00000000eaf00000,0x00000000eb000000)
 ParOldGen       total 144384K, used 132379K [0x00000000c0000000, 0x00000000c8d00000, 0x00000000eab00000)
  object space 144384K, 91% used [0x00000000c0000000,0x00000000c8146ee8,0x00000000c8d00000)
 Metaspace       used 94788K, committed 96000K, reserved 1138688K
  class space    used 9315K, committed 9856K, reserved 1048576K
}
Event: 6064.096 GC heap after
{Heap after GC invocations=9103 (full 240):
 PSYoungGen      total 3584K, used 256K [0x00000000eab00000, 0x00000000eaf80000, 0x0000000100000000)
  eden space 3072K, 0% used [0x00000000eab00000,0x00000000eab00000,0x00000000eae00000)
  from space 512K, 50% used [0x00000000eaf00000,0x00000000eaf40000,0x00000000eaf80000)
  to   space 512K, 0% used [0x00000000eae80000,0x00000000eae80000,0x00000000eaf00000)
 ParOldGen       total 144384K, used 132763K [0x00000000c0000000, 0x00000000c8d00000, 0x00000000eab00000)
  object space 144384K, 91% used [0x00000000c0000000,0x00000000c81a6ee8,0x00000000c8d00000)
 Metaspace       used 94788K, committed 96000K, reserved 1138688K
  class space    used 9315K, committed 9856K, reserved 1048576K
}
Event: 6064.109 GC heap before
{Heap before GC invocations=9104 (full 240):
 PSYoungGen      total 3584K, used 3328K [0x00000000eab00000, 0x00000000eaf80000, 0x0000000100000000)
  eden space 3072K, 100% used [0x00000000eab00000,0x00000000eae00000,0x00000000eae00000)
  from space 512K, 50% used [0x00000000eaf00000,0x00000000eaf40000,0x00000000eaf80000)
  to   space 512K, 0% used [0x00000000eae80000,0x00000000eae80000,0x00000000eaf00000)
 ParOldGen       total 144384K, used 132763K [0x00000000c0000000, 0x00000000c8d00000, 0x00000000eab00000)
  object space 144384K, 91% used [0x00000000c0000000,0x00000000c81a6ee8,0x00000000c8d00000)
 Metaspace       used 94789K, committed 96000K, reserved 1138688K
  class space    used 9315K, committed 9856K, reserved 1048576K
}
Event: 6064.110 GC heap after
{Heap after GC invocations=9104 (full 240):
 PSYoungGen      total 3584K, used 512K [0x00000000eab00000, 0x00000000eb300000, 0x0000000100000000)
  eden space 3072K, 0% used [0x00000000eab00000,0x00000000eab00000,0x00000000eae00000)
  from space 512K, 100% used [0x00000000eae80000,0x00000000eaf00000,0x00000000eaf00000)
  to   space 2560K, 0% used [0x00000000eb080000,0x00000000eb080000,0x00000000eb300000)
 ParOldGen       total 144384K, used 134097K [0x00000000c0000000, 0x00000000c8d00000, 0x00000000eab00000)
  object space 144384K, 92% used [0x00000000c0000000,0x00000000c82f4708,0x00000000c8d00000)
 Metaspace       used 94789K, committed 96000K, reserved 1138688K
  class space    used 9315K, committed 9856K, reserved 1048576K
}
Event: 6064.115 GC heap before
{Heap before GC invocations=9105 (full 240):
 PSYoungGen      total 3584K, used 3584K [0x00000000eab00000, 0x00000000eb300000, 0x0000000100000000)
  eden space 3072K, 100% used [0x00000000eab00000,0x00000000eae00000,0x00000000eae00000)
  from space 512K, 100% used [0x00000000eae80000,0x00000000eaf00000,0x00000000eaf00000)
  to   space 2560K, 0% used [0x00000000eb080000,0x00000000eb080000,0x00000000eb300000)
 ParOldGen       total 144384K, used 134097K [0x00000000c0000000, 0x00000000c8d00000, 0x00000000eab00000)
  object space 144384K, 92% used [0x00000000c0000000,0x00000000c82f4708,0x00000000c8d00000)
 Metaspace       used 94789K, committed 96000K, reserved 1138688K
  class space    used 9315K, committed 9856K, reserved 1048576K
}
Event: 6064.117 GC heap after
{Heap after GC invocations=9105 (full 240):
 PSYoungGen      total 4096K, used 2560K [0x00000000eab00000, 0x00000000eb600000, 0x0000000100000000)
  eden space 1536K, 0% used [0x00000000eab00000,0x00000000eab00000,0x00000000eac80000)
  from space 2560K, 100% used [0x00000000eb080000,0x00000000eb300000,0x00000000eb300000)
  to   space 4096K, 0% used [0x00000000eac80000,0x00000000eac80000,0x00000000eb080000)
 ParOldGen       total 144384K, used 135041K [0x00000000c0000000, 0x00000000c8d00000, 0x00000000eab00000)
  object space 144384K, 93% used [0x00000000c0000000,0x00000000c83e0708,0x00000000c8d00000)
 Metaspace       used 94789K, committed 96000K, reserved 1138688K
  class space    used 9315K, committed 9856K, reserved 1048576K
}
Event: 6064.119 GC heap before
{Heap before GC invocations=9106 (full 240):
 PSYoungGen      total 4096K, used 4096K [0x00000000eab00000, 0x00000000eb600000, 0x0000000100000000)
  eden space 1536K, 100% used [0x00000000eab00000,0x00000000eac80000,0x00000000eac80000)
  from space 2560K, 100% used [0x00000000eb080000,0x00000000eb300000,0x00000000eb300000)
  to   space 4096K, 0% used [0x00000000eac80000,0x00000000eac80000,0x00000000eb080000)
 ParOldGen       total 144384K, used 135041K [0x00000000c0000000, 0x00000000c8d00000, 0x00000000eab00000)
  object space 144384K, 93% used [0x00000000c0000000,0x00000000c83e0708,0x00000000c8d00000)
 Metaspace       used 94789K, committed 96000K, reserved 1138688K
  class space    used 9315K, committed 9856K, reserved 1048576K
}
Event: 6064.122 GC heap after
{Heap after GC invocations=9106 (full 240):
 PSYoungGen      total 3584K, used 1568K [0x00000000eab00000, 0x00000000eb200000, 0x0000000100000000)
  eden space 1536K, 0% used [0x00000000eab00000,0x00000000eab00000,0x00000000eac80000)
  from space 2048K, 76% used [0x00000000eac80000,0x00000000eae08000,0x00000000eae80000)
  to   space 2560K, 0% used [0x00000000eaf80000,0x00000000eaf80000,0x00000000eb200000)
 ParOldGen       total 144384K, used 137641K [0x00000000c0000000, 0x00000000c8d00000, 0x00000000eab00000)
  object space 144384K, 95% used [0x00000000c0000000,0x00000000c866a708,0x00000000c8d00000)
 Metaspace       used 94789K, committed 96000K, reserved 1138688K
  class space    used 9315K, committed 9856K, reserved 1048576K
}
Event: 6064.124 GC heap before
{Heap before GC invocations=9107 (full 240):
 PSYoungGen      total 3584K, used 3104K [0x00000000eab00000, 0x00000000eb200000, 0x0000000100000000)
  eden space 1536K, 100% used [0x00000000eab00000,0x00000000eac80000,0x00000000eac80000)
  from space 2048K, 76% used [0x00000000eac80000,0x00000000eae08000,0x00000000eae80000)
  to   space 2560K, 0% used [0x00000000eaf80000,0x00000000eaf80000,0x00000000eb200000)
 ParOldGen       total 144384K, used 137641K [0x00000000c0000000, 0x00000000c8d00000, 0x00000000eab00000)
  object space 144384K, 95% used [0x00000000c0000000,0x00000000c866a708,0x00000000c8d00000)
 Metaspace       used 94789K, committed 96000K, reserved 1138688K
  class space    used 9315K, committed 9856K, reserved 1048576K
}
Event: 6064.126 GC heap after
{Heap after GC invocations=9107 (full 240):
 PSYoungGen      total 4096K, used 1600K [0x00000000eab00000, 0x00000000eb180000, 0x0000000100000000)
  eden space 2048K, 0% used [0x00000000eab00000,0x00000000eab00000,0x00000000ead00000)
  from space 2048K, 78% used [0x00000000eaf80000,0x00000000eb110000,0x00000000eb180000)
  to   space 2048K, 0% used [0x00000000ead80000,0x00000000ead80000,0x00000000eaf80000)
 ParOldGen       total 144384K, used 139169K [0x00000000c0000000, 0x00000000c8d00000, 0x00000000eab00000)
  object space 144384K, 96% used [0x00000000c0000000,0x00000000c87e8708,0x00000000c8d00000)
 Metaspace       used 94789K, committed 96000K, reserved 1138688K
  class space    used 9315K, committed 9856K, reserved 1048576K
}
Event: 6064.129 GC heap before
{Heap before GC invocations=9108 (full 240):
 PSYoungGen      total 4096K, used 3648K [0x00000000eab00000, 0x00000000eb180000, 0x0000000100000000)
  eden space 2048K, 100% used [0x00000000eab00000,0x00000000ead00000,0x00000000ead00000)
  from space 2048K, 78% used [0x00000000eaf80000,0x00000000eb110000,0x00000000eb180000)
  to   space 2048K, 0% used [0x00000000ead80000,0x00000000ead80000,0x00000000eaf80000)
 ParOldGen       total 144384K, used 139169K [0x00000000c0000000, 0x00000000c8d00000, 0x00000000eab00000)
  object space 144384K, 96% used [0x00000000c0000000,0x00000000c87e8708,0x00000000c8d00000)
 Metaspace       used 94789K, committed 96000K, reserved 1138688K
  class space    used 9315K, committed 9856K, reserved 1048576K
}
Event: 6064.131 GC heap after
{Heap after GC invocations=9108 (full 240):
 PSYoungGen      total 4608K, used 2048K [0x00000000eab00000, 0x00000000eb580000, 0x0000000100000000)
  eden space 2560K, 0% used [0x00000000eab00000,0x00000000eab00000,0x00000000ead80000)
  from space 2048K, 100% used [0x00000000ead80000,0x00000000eaf80000,0x00000000eaf80000)
  to   space 4096K, 0% used [0x00000000eb180000,0x00000000eb180000,0x00000000eb580000)
 ParOldGen       total 144384K, used 140721K [0x00000000c0000000, 0x00000000c8d00000, 0x00000000eab00000)
  object space 144384K, 97% used [0x00000000c0000000,0x00000000c896c708,0x00000000c8d00000)
 Metaspace       used 94789K, committed 96000K, reserved 1138688K
  class space    used 9315K, committed 9856K, reserved 1048576K
}
Event: 6064.139 GC heap before
{Heap before GC invocations=9109 (full 240):
 PSYoungGen      total 4608K, used 4608K [0x00000000eab00000, 0x00000000eb580000, 0x0000000100000000)
  eden space 2560K, 100% used [0x00000000eab00000,0x00000000ead80000,0x00000000ead80000)
  from space 2048K, 100% used [0x00000000ead80000,0x00000000eaf80000,0x00000000eaf80000)
  to   space 4096K, 0% used [0x00000000eb180000,0x00000000eb180000,0x00000000eb580000)
 ParOldGen       total 144384K, used 140721K [0x00000000c0000000, 0x00000000c8d00000, 0x00000000eab00000)
  object space 144384K, 97% used [0x00000000c0000000,0x00000000c896c708,0x00000000c8d00000)
 Metaspace       used 94789K, committed 96000K, reserved 1138688K
  class space    used 9315K, committed 9856K, reserved 1048576K
}
Event: 6064.141 GC heap after
{Heap after GC invocations=9109 (full 240):
 PSYoungGen      total 5632K, used 2280K [0x00000000eab00000, 0x00000000eb400000, 0x0000000100000000)
  eden space 3072K, 0% used [0x00000000eab00000,0x00000000eab00000,0x00000000eae00000)
  from space 2560K, 89% used [0x00000000eb180000,0x00000000eb3ba000,0x00000000eb400000)
  to   space 3072K, 0% used [0x00000000eae00000,0x00000000eae00000,0x00000000eb100000)
 ParOldGen       total 144384K, used 142761K [0x00000000c0000000, 0x00000000c8d00000, 0x00000000eab00000)
  object space 144384K, 98% used [0x00000000c0000000,0x00000000c8b6a708,0x00000000c8d00000)
 Metaspace       used 94789K, committed 96000K, reserved 1138688K
  class space    used 9315K, committed 9856K, reserved 1048576K
}
Event: 6064.141 GC heap before
{Heap before GC invocations=9110 (full 241):
 PSYoungGen      total 5632K, used 2280K [0x00000000eab00000, 0x00000000eb400000, 0x0000000100000000)
  eden space 3072K, 0% used [0x00000000eab00000,0x00000000eab00000,0x00000000eae00000)
  from space 2560K, 89% used [0x00000000eb180000,0x00000000eb3ba000,0x00000000eb400000)
  to   space 3072K, 0% used [0x00000000eae00000,0x00000000eae00000,0x00000000eb100000)
 ParOldGen       total 144384K, used 142761K [0x00000000c0000000, 0x00000000c8d00000, 0x00000000eab00000)
  object space 144384K, 98% used [0x00000000c0000000,0x00000000c8b6a708,0x00000000c8d00000)
 Metaspace       used 94789K, committed 96000K, reserved 1138688K
  class space    used 9315K, committed 9856K, reserved 1048576K
}

